Change Physical Footprint: Designator=C1 Old Footprint=C1210 New Footprint=C1210
Change Physical Footprint: Designator=C2 Old Footprint=C1210 New Footprint=C1210
Change Physical Footprint: Designator=C3 Old Footprint=C0402 New Footprint=C0402
Change Physical Footprint: Designator=C4 Old Footprint=C0402 New Footprint=C0402
Change Physical Footprint: Designator=C5 Old Footprint=C0603 New Footprint=C0603
Change Physical Footprint: Designator=C6 Old Footprint=C0402 New Footprint=C0402
Change Physical Footprint: Designator=C7 Old Footprint=C0402 New Footprint=C0402
Change Physical Footprint: Designator=C8 Old Footprint=C0402 New Footprint=C0402
Change Physical Footprint: Designator=C9 Old Footprint=C0402 New Footprint=C0402
Change Physical Footprint: Designator=C10 Old Footprint=C0402 New Footprint=C0402
Change Physical Footprint: Designator=C11 Old Footprint=C0402 New Footprint=C0402
Change Physical Footprint: Designator=C12 Old Footprint=C0402 New Footprint=C0402
Change Physical Footprint: Designator=C13 Old Footprint=C0402 New Footprint=C0402
Change Physical Footprint: Designator=C14 Old Footprint=C0402 New Footprint=C0402
Change Physical Footprint: Designator=C15 Old Footprint=C0402 New Footprint=C0402
Change Physical Footprint: Designator=C16 Old Footprint=C0402 New Footprint=C0402
Change Physical Footprint: Designator=C17 Old Footprint=C0402 New Footprint=C0402
Change Physical Footprint: Designator=C18 Old Footprint=C0402 New Footprint=C0402
Change Physical Footprint: Designator=C19 Old Footprint=C0402 New Footprint=C0402
Change Physical Footprint: Designator=C20 Old Footprint=C0402 New Footprint=C0402
Change Physical Footprint: Designator=C21 Old Footprint=C0402 New Footprint=C0402
Change Physical Footprint: Designator=C22 Old Footprint=C0402 New Footprint=C0402
Change Physical Footprint: Designator=C23 Old Footprint=C0402 New Footprint=C0402
Change Physical Footprint: Designator=C24 Old Footprint=C0402 New Footprint=C0402
Change Physical Footprint: Designator=C25 Old Footprint=C0402 New Footprint=C0402
Change Physical Footprint: Designator=C26 Old Footprint=C0402 New Footprint=C0402
Change Physical Footprint: Designator=C27 Old Footprint=C0402 New Footprint=C0402
Change Physical Footprint: Designator=JP1 Old Footprint=jumper 3mm New Footprint=jumper 3mm
Change Physical Footprint: Designator=L1 Old Footprint=INDUCTOR 2x1.6mm VLS-CX New Footprint=INDUCTOR 2x1.6mm VLS-CX
Change Physical Footprint: Designator=R1 Old Footprint=R0402 New Footprint=R0402
Change Physical Footprint: Designator=R2 Old Footprint=R0402 New Footprint=R0402
Change Physical Footprint: Designator=R3 Old Footprint=R0402 New Footprint=R0402
Change Physical Footprint: Designator=R4 Old Footprint=R0402 New Footprint=R0402
Change Physical Footprint: Designator=R5 Old Footprint=R0402 New Footprint=R0402
Change Physical Footprint: Designator=R6 Old Footprint=R0402 New Footprint=R0402
Change Physical Footprint: Designator=R7 Old Footprint=R0402 New Footprint=R0402
Change Physical Footprint: Designator=R8 Old Footprint=R0402 New Footprint=R0402
Change Physical Footprint: Designator=R9 Old Footprint=R0402 New Footprint=R0402
Change Physical Footprint: Designator=R10 Old Footprint=R0402 New Footprint=R0402
Change Physical Footprint: Designator=R11 Old Footprint=R0402 New Footprint=R0402
Change Physical Footprint: Designator=R12 Old Footprint=R0402 New Footprint=R0402
Change Physical Footprint: Designator=R13 Old Footprint=R0402 New Footprint=R0402
Change Physical Footprint: Designator=R14 Old Footprint=R0402 New Footprint=R0402
Change Physical Footprint: Designator=R15 Old Footprint=R0402 New Footprint=R0402
Change Physical Footprint: Designator=R16 Old Footprint=R0402 New Footprint=R0402
Change Physical Footprint: Designator=R17 Old Footprint=R0402 New Footprint=R0402
Change Physical Footprint: Designator=R18 Old Footprint=R0402 New Footprint=R0402
Change Physical Footprint: Designator=R19 Old Footprint=R0402 New Footprint=R0402
Change Physical Footprint: Designator=R20 Old Footprint=R0402 New Footprint=R0402
Change Physical Footprint: Designator=R21 Old Footprint=R0402 New Footprint=R0402
Change Physical Footprint: Designator=R22 Old Footprint=R0402 New Footprint=R0402
Change Physical Footprint: Designator=R23 Old Footprint=R0402 New Footprint=R0402
Change Physical Footprint: Designator=R24 Old Footprint=R0402 New Footprint=R0402
Change Physical Footprint: Designator=R25 Old Footprint=R0402 New Footprint=R0402
Change Physical Footprint: Designator=R26 Old Footprint=R0402 New Footprint=R0402
Change Physical Footprint: Designator=R27 Old Footprint=R0402 New Footprint=R0402
Change Physical Footprint: Designator=R28 Old Footprint=R0402 New Footprint=R0402
Change Physical Footprint: Designator=R29 Old Footprint=R0402 New Footprint=R0402
Change Physical Footprint: Designator=R30 Old Footprint=R0402 New Footprint=R0402
Change Physical Footprint: Designator=R31 Old Footprint=R0402 New Footprint=R0402
Change Physical Footprint: Designator=R32 Old Footprint=R0402 New Footprint=R0402
Change Physical Footprint: Designator=R33 Old Footprint=R0402 New Footprint=R0402
Change Physical Footprint: Designator=R34 Old Footprint=R0402 New Footprint=R0402
Change Physical Footprint: Designator=R35 Old Footprint=R0402 New Footprint=R0402
Change Physical Footprint: Designator=R36 Old Footprint=R0402 New Footprint=R0402
Change Physical Footprint: Designator=R37 Old Footprint=R0402 New Footprint=R0402
Change Physical Footprint: Designator=R38 Old Footprint=R0402 New Footprint=R0402
Change Physical Footprint: Designator=R39 Old Footprint=R0402 New Footprint=R0402
Change Physical Footprint: Designator=R40 Old Footprint=R0402 New Footprint=R0402
Change Physical Footprint: Designator=R41 Old Footprint=R0402 New Footprint=R0402
Change Physical Footprint: Designator=R42 Old Footprint=R0402 New Footprint=R0402
Change Physical Footprint: Designator=R43 Old Footprint=R0402 New Footprint=R0402
Change Physical Footprint: Designator=R44 Old Footprint=R0402 New Footprint=R0402
Change Physical Footprint: Designator=R45 Old Footprint=R0402 New Footprint=R0402
Change Physical Footprint: Designator=R46 Old Footprint=R0402 New Footprint=R0402
Change Physical Footprint: Designator=R47 Old Footprint=R0402 New Footprint=R0402
Change Physical Footprint: Designator=R48 Old Footprint=R0402 New Footprint=R0402
Change Physical Footprint: Designator=R49 Old Footprint=R0402 New Footprint=R0402
Change Physical Footprint: Designator=R50 Old Footprint=R0402 New Footprint=R0402
Change Physical Footprint: Designator=SW1 Old Footprint=PB22E07 7712 New Footprint=PB22E07 7712
Change Physical Footprint: Designator=SW2 Old Footprint=EC110S(萃饰呐) New Footprint=EC110S(萃饰呐)
Change Physical Footprint: Designator=SW3 Old Footprint=EC110S(萃饰呐) New Footprint=EC110S(萃饰呐)
Change Physical Footprint: Designator=SW4 Old Footprint=SMT Tactile Switch (6mm x 6mm) New Footprint=SMT Tactile Switch (6mm x 6mm)
Change Physical Footprint: Designator=SW5 Old Footprint=EC110S(萃饰呐) New Footprint=EC110S(萃饰呐)
Change Physical Footprint: Designator=SW6 Old Footprint=EC110S(萃饰呐) New Footprint=EC110S(萃饰呐)
Change Physical Footprint: Designator=SW7 Old Footprint=EC110S(萃饰呐) New Footprint=EC110S(萃饰呐)
Change Physical Footprint: Designator=SW8 Old Footprint=EC110S(萃饰呐) New Footprint=EC110S(萃饰呐)
Change Physical Footprint: Designator=SW9 Old Footprint=SMT Tactile Switch (6mm x 6mm) New Footprint=SMT Tactile Switch (6mm x 6mm)
Change Physical Footprint: Designator=SW10 Old Footprint=EC110S(萃饰呐) New Footprint=EC110S(萃饰呐)
Change Physical Footprint: Designator=SW11 Old Footprint=EC110S(萃饰呐) New Footprint=EC110S(萃饰呐)
Change Physical Footprint: Designator=SW12 Old Footprint=SMT Tactile Switch (6mm x 6mm) New Footprint=SMT Tactile Switch (6mm x 6mm)
Change Physical Footprint: Designator=U1 Old Footprint=IP2312 Modul New Footprint=IP2312 Modul
Change Physical Footprint: Designator=U2 Old Footprint=VSON-HR-10(3x2) New Footprint=VSON-HR-10(3x2)
Change Physical Footprint: Designator=U3 Old Footprint=SSOP-28N New Footprint=SSOP-28N
Change Physical Footprint: Designator=U4 Old Footprint=ESP32WROOM32E New Footprint=ESP32WROOM32E
Change Physical Footprint: Designator=U5 Old Footprint=HC-12(填潴朦) New Footprint=HC-12(填潴朦)
Change Physical Footprint: Designator=X1 Old Footprint=CWF-2R (DS1069-2 MR) New Footprint=CWF-2R (DS1069-2 MR)
Change Physical Footprint: Designator=X2 Old Footprint=SSD1306 27.5x27.8 NO GABARIT New Footprint=SSD1306 27.5x27.8 NO GABARIT
Change Physical Footprint: Designator=X3 Old Footprint=PLS-4 New Footprint=PLS-4
