Removed Pin From Net: NetName=ENC_L1B Pin=U3-1
Removed Pin From Net: NetName=ENC_L2B Pin=U3-2
Removed Pin From Net: NetName=ENC_L3B Pin=U3-3
Removed Pin From Net: NetName=ENC_L4B Pin=U3-4
Removed Pin From Net: NetName=ENC_R1B Pin=U3-5
Removed Pin From Net: NetName=ENC_R2B Pin=U3-6
Removed Pin From Net: NetName=ENC_R3B Pin=U3-7
Removed Pin From Net: NetName=ENC_L2A Pin=U3-22
Removed Pin From Net: NetName=ENC_L3A Pin=U3-23
Removed Pin From Net: NetName=ENC_L4A Pin=U3-24
Removed Pin From Net: NetName=ENC_R1A Pin=U3-25
Removed Pin From Net: NetName=ENC_R2A Pin=U3-26
Removed Pin From Net: NetName=ENC_R3A Pin=U3-27
Removed Pin From Net: NetName=ENC_R4A Pin=U3-28
Added Pin To Net: NetName=ENC_R1A Pin=U3-1
Added Pin To Net: NetName=ENC_R1B Pin=U3-2
Added Pin To Net: NetName=ENC_R2A Pin=U3-3
Added Pin To Net: NetName=ENC_R2B Pin=U3-4
Added Pin To Net: NetName=ENC_R3A Pin=U3-5
Added Pin To Net: NetName=ENC_R3B Pin=U3-6
Added Pin To Net: NetName=ENC_R4A Pin=U3-7
Added Pin To Net: NetName=ENC_L1B Pin=U3-22
Added Pin To Net: NetName=ENC_L2A Pin=U3-23
Added Pin To Net: NetName=ENC_L2B Pin=U3-24
Added Pin To Net: NetName=ENC_L3A Pin=U3-25
Added Pin To Net: NetName=ENC_L3B Pin=U3-26
Added Pin To Net: NetName=ENC_L4A Pin=U3-27
Added Pin To Net: NetName=ENC_L4B Pin=U3-28
